<?xml version="1.0" encoding="UTF-8"?>
<!-- Generated by org.testng.reporters.JUnitXMLReporter -->
<testsuite ignored="3" hostname="DESKTOP-C3VHK6N" failures="0" tests="1" name="Default test" time="16.481" errors="0" timestamp="2024-12-01T13:10:22 ICT">
  <testcase classname="SmilegateProject.MavenTest.OnstoveTest" name="test3ValidateAnItemInDropdownList" time="13.862"/>
  <testcase classname="SmilegateProject.MavenTest.OnstoveTest" name="test2ClosePopup" time="0.0">
    <ignored/>
  </testcase> <!-- test2ClosePopup -->
  <testcase classname="SmilegateProject.MavenTest.OnstoveTest" name="test5ValidateHoverFeature" time="0.0">
    <ignored/>
  </testcase> <!-- test5ValidateHoverFeature -->
  <testcase classname="SmilegateProject.MavenTest.OnstoveTest" name="test4ValidateTheTotalItemsInSearchResult" time="0.0">
    <ignored/>
  </testcase> <!-- test4ValidateTheTotalItemsInSearchResult -->
</testsuite> <!-- Default test -->
