<?xml version="1.0" encoding="UTF-8"?>
<testng-results ignored="0" total="1" passed="1" failed="0" skipped="0">
  <reporter-output>
  </reporter-output>
  <suite started-at="2024-12-01T13:10:06 ICT" name="Default suite" finished-at="2024-12-01T13:10:22 ICT" duration-ms="16481">
    <groups>
      <group name="test3">
        <method signature="OnstoveTest.test3ValidateAnItemInDropdownList()[pri:1, instance:SmilegateProject.MavenTest.OnstoveTest@290222c1]" name="test3ValidateAnItemInDropdownList" class="SmilegateProject.MavenTest.OnstoveTest"/>
      </group> <!-- test3 -->
    </groups>
    <test started-at="2024-12-01T13:10:06 ICT" name="Default test" finished-at="2024-12-01T13:10:22 ICT" duration-ms="16481">
      <class name="SmilegateProject.MavenTest.OnstoveTest">
        <test-method is-config="true" signature="setup()[pri:0, instance:SmilegateProject.MavenTest.OnstoveTest@290222c1]" started-at="2024-12-01T13:10:06 ICT" name="setup" finished-at="2024-12-01T13:10:07 ICT" duration-ms="1831" status="PASS">
          <reporter-output>
          </reporter-output>
        </test-method> <!-- setup -->
        <test-method signature="test3ValidateAnItemInDropdownList()[pri:1, instance:SmilegateProject.MavenTest.OnstoveTest@290222c1]" started-at="2024-12-01T13:10:07 ICT" name="test3ValidateAnItemInDropdownList" finished-at="2024-12-01T13:10:21 ICT" duration-ms="13862" status="PASS">
          <reporter-output>
          </reporter-output>
        </test-method> <!-- test3ValidateAnItemInDropdownList -->
        <test-method is-config="true" signature="closeBrowser()[pri:0, instance:SmilegateProject.MavenTest.OnstoveTest@290222c1]" started-at="2024-12-01T13:10:21 ICT" name="closeBrowser" finished-at="2024-12-01T13:10:22 ICT" duration-ms="726" status="PASS">
          <reporter-output>
          </reporter-output>
        </test-method> <!-- closeBrowser -->
      </class> <!-- SmilegateProject.MavenTest.OnstoveTest -->
    </test> <!-- Default test -->
  </suite> <!-- Default suite -->
</testng-results>
