<?xml version="1.0" encoding="UTF-8"?>
<testsuite xmlns:xsi="http://www.w3.org/2001/XMLSchema-instance" xsi:noNamespaceSchemaLocation="https://maven.apache.org/surefire/maven-surefire-plugin/xsd/surefire-test-report.xsd" name="TestSuite" time="50.704" tests="4" errors="0" skipped="0" failures="0">
  <properties>
[...]
</properties>
  <testcase name="test2ClosePopup" classname="SmilegateProject.MavenTest.OnstoveTest" time="22.851"/>
  <testcase name="test3ValidateAnItemInDropdownList" classname="SmilegateProject.MavenTest.OnstoveTest" time="3.766"/>
  <testcase name="test4ValidateTheTotalItemsInSearchResult" classname="SmilegateProject.MavenTest.OnstoveTest" time="14.527"/>
  <testcase name="test5ValidateHoverFeature" classname="SmilegateProject.MavenTest.OnstoveTest" time="6.402"/>
</testsuite>