<?xml version="1.0" encoding="UTF-8"?>
<!-- Generated by org.testng.reporters.JUnitXMLReporter -->
<testsuite ignored="0" hostname="DESKTOP-C3VHK6N" failures="0" tests="4" name="Test" time="47.589" errors="0" timestamp="2024-12-01T13:42:15 ICT">
  <testcase classname="SmilegateProject.MavenTest.OnstoveTest" name="test2ClosePopup" time="22.847"/>
  <testcase classname="SmilegateProject.MavenTest.OnstoveTest" name="test3ValidateAnItemInDropdownList" time="3.766"/>
  <testcase classname="SmilegateProject.MavenTest.OnstoveTest" name="test4ValidateTheTotalItemsInSearchResult" time="14.528"/>
  <testcase classname="SmilegateProject.MavenTest.OnstoveTest" name="test5ValidateHoverFeature" time="6.403"/>
</testsuite> <!-- Test -->
